  drill.cpp
c:\users\alexa\onedrive\documents\github\c-_practice\chapter 13\gui.h(106): warning C4018: '<': signed/unsigned mismatch
c:\users\alexa\onedrive\documents\github\c-_practice\chapter 13\gui.h(111): warning C4018: '<': signed/unsigned mismatch
c:\users\alexa\onedrive\documents\github\c-_practice\chapter 13\gui.h(116): warning C4018: '<': signed/unsigned mismatch
c:\users\alexa\onedrive\documents\github\c-_practice\chapter 13\graph.h(101): warning C4018: '<': signed/unsigned mismatch
  c:\users\alexa\onedrive\documents\github\c-_practice\chapter 13\graph.h(101): note: while compiling class template member function 'Graph_lib::Vector_ref<Graph_lib::Button>::~Vector_ref(void)'
  c:\users\alexa\onedrive\documents\github\c-_practice\chapter 13\gui.h(96): note: see reference to function template instantiation 'Graph_lib::Vector_ref<Graph_lib::Button>::~Vector_ref(void)' being compiled
  c:\users\alexa\onedrive\documents\github\c-_practice\chapter 13\gui.h(98): note: see reference to class template instantiation 'Graph_lib::Vector_ref<Graph_lib::Button>' being compiled
drill.obj : error LNK2019: unresolved external symbol "public: static int __cdecl Fl::wait(void)" (?wait@Fl@@SAHXZ) referenced in function "public: void __thiscall Simple_window::wait_for_button(void)" (?wait_for_button@Simple_window@@QAEXXZ)
drill.obj : error LNK2019: unresolved external symbol "public: static void __cdecl Fl::redraw(void)" (?redraw@Fl@@SAXXZ) referenced in function "public: void __thiscall Simple_window::wait_for_button(void)" (?wait_for_button@Simple_window@@QAEXXZ)
drill.obj : error LNK2001: unresolved external symbol "protected: virtual void __thiscall Fl_Window::flush(void)" (?flush@Fl_Window@@MAEXXZ)
Window.obj : error LNK2001: unresolved external symbol "protected: virtual void __thiscall Fl_Window::flush(void)" (?flush@Fl_Window@@MAEXXZ)
drill.obj : error LNK2019: unresolved external symbol "public: virtual __thiscall Fl_Window::~Fl_Window(void)" (??1Fl_Window@@UAE@XZ) referenced in function "public: virtual __thiscall Graph_lib::Window::~Window(void)" (??1Window@Graph_lib@@UAE@XZ)
Window.obj : error LNK2001: unresolved external symbol "public: virtual __thiscall Fl_Window::~Fl_Window(void)" (??1Fl_Window@@UAE@XZ)
drill.obj : error LNK2001: unresolved external symbol "public: virtual int __thiscall Fl_Window::handle(int)" (?handle@Fl_Window@@UAEHH@Z)
Window.obj : error LNK2001: unresolved external symbol "public: virtual int __thiscall Fl_Window::handle(int)" (?handle@Fl_Window@@UAEHH@Z)
drill.obj : error LNK2001: unresolved external symbol "public: virtual void __thiscall Fl_Window::resize(int,int,int,int)" (?resize@Fl_Window@@UAEXHHHH@Z)
Window.obj : error LNK2001: unresolved external symbol "public: virtual void __thiscall Fl_Window::resize(int,int,int,int)" (?resize@Fl_Window@@UAEXHHHH@Z)
drill.obj : error LNK2001: unresolved external symbol "public: virtual void __thiscall Fl_Window::show(void)" (?show@Fl_Window@@UAEXXZ)
Window.obj : error LNK2001: unresolved external symbol "public: virtual void __thiscall Fl_Window::show(void)" (?show@Fl_Window@@UAEXXZ)
drill.obj : error LNK2001: unresolved external symbol "public: virtual void __thiscall Fl_Window::hide(void)" (?hide@Fl_Window@@UAEXXZ)
Window.obj : error LNK2001: unresolved external symbol "public: virtual void __thiscall Fl_Window::hide(void)" (?hide@Fl_Window@@UAEXXZ)
drill.obj : error LNK2001: unresolved external symbol "class Fl_Graphics_Driver * fl_graphics_driver" (?fl_graphics_driver@@3PAVFl_Graphics_Driver@@A)
Graph.obj : error LNK2001: unresolved external symbol "class Fl_Graphics_Driver * fl_graphics_driver" (?fl_graphics_driver@@3PAVFl_Graphics_Driver@@A)
Graph.obj : error LNK2019: unresolved external symbol "protected: void __thiscall Fl_Image::draw_empty(int,int)" (?draw_empty@Fl_Image@@IAEXHH@Z) referenced in function "public: virtual void __thiscall Graph_lib::Bad_image::draw(int,int,int,int,int,int)" (?draw@Bad_image@Graph_lib@@UAEXHHHHHH@Z)
Graph.obj : error LNK2019: unresolved external symbol "public: __thiscall Fl_Image::Fl_Image(int,int,int)" (??0Fl_Image@@QAE@HHH@Z) referenced in function "public: __thiscall Graph_lib::Bad_image::Bad_image(int,int)" (??0Bad_image@Graph_lib@@QAE@HH@Z)
Graph.obj : error LNK2019: unresolved external symbol "public: virtual __thiscall Fl_Image::~Fl_Image(void)" (??1Fl_Image@@UAE@XZ) referenced in function "public: virtual __thiscall Graph_lib::Bad_image::~Bad_image(void)" (??1Bad_image@Graph_lib@@UAE@XZ)
Graph.obj : error LNK2001: unresolved external symbol "public: virtual class Fl_Image * __thiscall Fl_Image::copy(int,int)" (?copy@Fl_Image@@UAEPAV1@HH@Z)
Graph.obj : error LNK2001: unresolved external symbol "public: virtual void __thiscall Fl_Image::color_average(unsigned int,float)" (?color_average@Fl_Image@@UAEXIM@Z)
Graph.obj : error LNK2001: unresolved external symbol "public: virtual void __thiscall Fl_Image::desaturate(void)" (?desaturate@Fl_Image@@UAEXXZ)
Graph.obj : error LNK2001: unresolved external symbol "public: virtual void __thiscall Fl_Image::label(class Fl_Widget *)" (?label@Fl_Image@@UAEXPAVFl_Widget@@@Z)
Graph.obj : error LNK2001: unresolved external symbol "public: virtual void __thiscall Fl_Image::label(struct Fl_Menu_Item *)" (?label@Fl_Image@@UAEXPAUFl_Menu_Item@@@Z)
Graph.obj : error LNK2001: unresolved external symbol "public: virtual void __thiscall Fl_Image::uncache(void)" (?uncache@Fl_Image@@UAEXXZ)
Graph.obj : error LNK2019: unresolved external symbol "void __cdecl fl_draw(char const *,int,int)" (?fl_draw@@YAXPBDHH@Z) referenced in function "public: virtual void __thiscall Graph_lib::Text::draw_lines(void)const " (?draw_lines@Text@Graph_lib@@UBEXXZ)
Graph.obj : error LNK2019: unresolved external symbol "public: __thiscall Fl_JPEG_Image::Fl_JPEG_Image(char const *)" (??0Fl_JPEG_Image@@QAE@PBD@Z) referenced in function "public: __thiscall Graph_lib::Image::Image(struct Graph_lib::Point,class std::basic_string<char,struct std::char_traits<char>,class std::allocator<char> >,enum Graph_lib::Suffix::Encoding)" (??0Image@Graph_lib@@QAE@UPoint@1@V?$basic_string@DU?$char_traits@D@std@@V?$allocator@D@2@@std@@W4Encoding@Suffix@1@@Z)
Graph.obj : error LNK2019: unresolved external symbol "public: __thiscall Fl_GIF_Image::Fl_GIF_Image(char const *)" (??0Fl_GIF_Image@@QAE@PBD@Z) referenced in function "public: __thiscall Graph_lib::Image::Image(struct Graph_lib::Point,class std::basic_string<char,struct std::char_traits<char>,class std::allocator<char> >,enum Graph_lib::Suffix::Encoding)" (??0Image@Graph_lib@@QAE@UPoint@1@V?$basic_string@DU?$char_traits@D@std@@V?$allocator@D@2@@std@@W4Encoding@Suffix@1@@Z)
GUI.obj : error LNK2019: unresolved external symbol "public: __thiscall Fl_Button::Fl_Button(int,int,int,int,char const *)" (??0Fl_Button@@QAE@HHHHPBD@Z) referenced in function "public: virtual void __thiscall Graph_lib::Button::attach(class Graph_lib::Window &)" (?attach@Button@Graph_lib@@UAEXAAVWindow@2@@Z)
GUI.obj : error LNK2019: unresolved external symbol "public: int __thiscall Fl_Input_::value(char const *)" (?value@Fl_Input_@@QAEHPBD@Z) referenced in function "public: void __thiscall Graph_lib::Out_box::put(class std::basic_string<char,struct std::char_traits<char>,class std::allocator<char> > const &)" (?put@Out_box@Graph_lib@@QAEXABV?$basic_string@DU?$char_traits@D@std@@V?$allocator@D@2@@std@@@Z)
GUI.obj : error LNK2019: unresolved external symbol "public: __thiscall Fl_Input::Fl_Input(int,int,int,int,char const *)" (??0Fl_Input@@QAE@HHHHPBD@Z) referenced in function "public: virtual void __thiscall Graph_lib::In_box::attach(class Graph_lib::Window &)" (?attach@In_box@Graph_lib@@UAEXAAVWindow@2@@Z)
GUI.obj : error LNK2019: unresolved external symbol "public: __thiscall Fl_Output::Fl_Output(int,int,int,int,char const *)" (??0Fl_Output@@QAE@HHHHPBD@Z) referenced in function "public: virtual void __thiscall Graph_lib::Out_box::attach(class Graph_lib::Window &)" (?attach@Out_box@Graph_lib@@UAEXAAVWindow@2@@Z)
Window.obj : error LNK2019: unresolved external symbol "public: static int __cdecl Fl::run(void)" (?run@Fl@@SAHXZ) referenced in function "int __cdecl Graph_lib::gui_main(void)" (?gui_main@Graph_lib@@YAHXZ)
Window.obj : error LNK2019: unresolved external symbol "public: void __thiscall Fl_Group::begin(void)" (?begin@Fl_Group@@QAEXXZ) referenced in function "public: void __thiscall Graph_lib::Window::attach(class Graph_lib::Widget &)" (?attach@Window@Graph_lib@@QAEXAAVWidget@2@@Z)
Window.obj : error LNK2019: unresolved external symbol "public: void __thiscall Fl_Group::end(void)" (?end@Fl_Group@@QAEXXZ) referenced in function "public: void __thiscall Graph_lib::Window::attach(class Graph_lib::Widget &)" (?attach@Window@Graph_lib@@QAEXAAVWidget@2@@Z)
Window.obj : error LNK2019: unresolved external symbol "protected: virtual void __thiscall Fl_Window::draw(void)" (?draw@Fl_Window@@MAEXXZ) referenced in function "protected: virtual void __thiscall Graph_lib::Window::draw(void)" (?draw@Window@Graph_lib@@MAEXXZ)
Window.obj : error LNK2019: unresolved external symbol "public: __thiscall Fl_Window::Fl_Window(int,int,char const *)" (??0Fl_Window@@QAE@HHPBD@Z) referenced in function "public: __thiscall Graph_lib::Window::Window(int,int,class std::basic_string<char,struct std::char_traits<char>,class std::allocator<char> > const &)" (??0Window@Graph_lib@@QAE@HHABV?$basic_string@DU?$char_traits@D@std@@V?$allocator@D@2@@std@@@Z)
Window.obj : error LNK2019: unresolved external symbol "public: __thiscall Fl_Window::Fl_Window(int,int,int,int,char const *)" (??0Fl_Window@@QAE@HHHHPBD@Z) referenced in function "public: __thiscall Graph_lib::Window::Window(struct Graph_lib::Point,int,int,class std::basic_string<char,struct std::char_traits<char>,class std::allocator<char> > const &)" (??0Window@Graph_lib@@QAE@UPoint@1@HHABV?$basic_string@DU?$char_traits@D@std@@V?$allocator@D@2@@std@@@Z)
C:\Users\alexa\source\repos\chapter13_practice C++\Debug\chapter13_practice c++.exe : fatal error LNK1120: 31 unresolved externals
